{"content": {"suites": {"0": {"status": {"total_pass": 5, "total_skip": 0, "total_xpass": 0, "total_xfail": 0, "total_rerun": 0, "total_fail": 3, "total_error": 0}, "tests": {"0": {"status": "FAIL", "message": "   AssertionError: assert 'Welcome to Etsy, Amar!' == 'Find things ...Only on Etsy.'\n     - Find things you'll love. Support independent sellers. Only on Etsy.\n     + Welcome to Etsy, Amar!\n", "test_name": "test_registration", "rerun": "0"}, "1": {"status": "PASS", "message": "", "test_name": "test_Invalid_Email", "rerun": "0"}, "2": {"status": "PASS", "message": "", "test_name": "test_mandatory_message", "rerun": "0"}, "3": {"status": "PASS", "message": "", "test_name": "test_incorect_values", "rerun": "0"}, "4": {"status": "PASS", "message": "", "test_name": "test_search_product", "rerun": "0"}, "5": {"status": "FAIL", "message": "   selenium.common.exceptions.ElementNotInteractableException: Message: Element <a id=\"catnav-l4-10926\" class=\"wt-text-caption wt-text-link-no-underline wt-display-block wt-pt-xs-1 wt-pb-xs-1\" href=\"/il-en/c/clothing/womens-clothing/dresses?ref=catnav-10923\"> could not be scrolled into view\n   Stacktrace:\n   WebDriverError@chrome://remote/content/shared/webdriver/Errors.jsm:183:5\n   ElementNotInteractableError@chrome://remote/content/shared/webdriver/Errors.jsm:293:5\n   webdriverClickElement@chrome://remote/content/marionette/interaction.js:156:11\n   interaction.clickElement@chrome://remote/content/marionette/interaction.js:125:11\n   clickElement@chrome://remote/content/marionette/actors/MarionetteCommandsChild.jsm:203:24\n   receiveMessage@chrome://remote/content/marionette/actors/MarionetteCommandsChild.jsm:91:31\n", "test_name": "test_buy_product", "rerun": "0"}, "6": {"status": "PASS", "message": "", "test_name": "test_add_to_whishlist", "rerun": "0"}, "7": {"status": "FAIL", "message": "   selenium.common.exceptions.NoSuchElementException: Message: Unable to locate element: #join_neu_email_field\n   Stacktrace:\n   WebDriverError@chrome://remote/content/shared/webdriver/Errors.jsm:183:5\n   NoSuchElementError@chrome://remote/content/shared/webdriver/Errors.jsm:395:5\n   element.find/</<@chrome://remote/content/marionette/element.js:300:16\n", "test_name": "test_total_price_change", "rerun": "0"}}, "suite_name": "test_firefox.py"}}}, "date": "July 02, 2022", "start_time": 1656764365.626184, "total_suite": 1, "status": "FAIL", "status_list": {"pass": "5", "fail": "3", "skip": "0", "error": "0", "xpass": "0", "xfail": "0", "rerun": "0"}, "total_tests": "8"}